<?xml version="1.0" encoding="UTF-8"?>
<testng-results skipped="0" failed="0" total="2" passed="2">
  <reporter-output>
  </reporter-output>
  <suite name="Default suite" duration-ms="47" started-at="2016-05-08T11:38:38Z" finished-at="2016-05-08T11:38:38Z">
    <groups>
    </groups>
    <test name="Default test" duration-ms="47" started-at="2016-05-08T11:38:38Z" finished-at="2016-05-08T11:38:38Z">
      <class name="com.tests.TestNGMaven0805.TestNGDataDriven">
        <test-method status="PASS" signature="testusedatafromDataProvider(java.lang.String, java.lang.String, java.lang.String)[pri:0, instance:com.tests.TestNGMaven0805.TestNGDataDriven@4af044]" name="testusedatafromDataProvider" duration-ms="13" started-at="2016-05-08T04:38:38Z" data-provider="getData" finished-at="2016-05-08T04:38:38Z">
          <params>
            <param index="0">
              <value>
                <![CDATA[John]]>
              </value>
            </param>
            <param index="1">
              <value>
                <![CDATA[John@email.com]]>
              </value>
            </param>
            <param index="2">
              <value>
                <![CDATA[London]]>
              </value>
            </param>
          </params>
          <reporter-output>
          </reporter-output>
        </test-method> <!-- testusedatafromDataProvider -->
        <test-method status="PASS" signature="testusedatafromDataProvider(java.lang.String, java.lang.String, java.lang.String)[pri:0, instance:com.tests.TestNGMaven0805.TestNGDataDriven@4af044]" name="testusedatafromDataProvider" duration-ms="3" started-at="2016-05-08T04:38:38Z" data-provider="getData" finished-at="2016-05-08T04:38:38Z">
          <params>
            <param index="0">
              <value>
                <![CDATA[Vikki]]>
              </value>
            </param>
            <param index="1">
              <value>
                <![CDATA[vikki@test.com]]>
              </value>
            </param>
            <param index="2">
              <value>
                <![CDATA[Hertfordshire]]>
              </value>
            </param>
          </params>
          <reporter-output>
          </reporter-output>
        </test-method> <!-- testusedatafromDataProvider -->
      </class> <!-- com.tests.TestNGMaven0805.TestNGDataDriven -->
    </test> <!-- Default test -->
  </suite> <!-- Default suite -->
</testng-results>
